<?xml version="1.0" encoding="UTF-8"?>
<coverage generated="1610404813389" clover="3.2.0">
  <project timestamp="1610404813389" name="All files">
    <metrics statements="30" coveredstatements="23" conditionals="10" coveredconditionals="5" methods="11" coveredmethods="9" elements="51" coveredelements="37" complexity="0" loc="30" ncloc="30" packages="1" files="3" classes="3"/>
    <file name="App.js" path="C:\Users\rober\Desktop\Supra_Coders\SDI_Capstone_Project\frontend\src\App.js">
      <metrics statements="20" coveredstatements="19" conditionals="6" coveredconditionals="3" methods="9" coveredmethods="8"/>
      <line num="7" count="510" type="stmt"/>
      <line num="8" count="510" type="stmt"/>
      <line num="10" count="510" type="stmt"/>
      <line num="11" count="378" type="stmt"/>
      <line num="15" count="510" type="stmt"/>
      <line num="17" count="15" type="stmt"/>
      <line num="29" count="14" type="cond" truecount="2" falsecount="2"/>
      <line num="30" count="14" type="stmt"/>
      <line num="33" count="510" type="stmt"/>
      <line num="34" count="9" type="stmt"/>
      <line num="35" count="9" type="stmt"/>
      <line num="36" count="162" type="stmt"/>
      <line num="40" count="510" type="stmt"/>
      <line num="41" count="3" type="stmt"/>
      <line num="42" count="3" type="stmt"/>
      <line num="44" count="3" type="cond" truecount="1" falsecount="1"/>
      <line num="45" count="0" type="stmt"/>
      <line num="46" count="3" type="stmt"/>
      <line num="49" count="510" type="stmt"/>
      <line num="53" count="198" type="stmt"/>
    </file>
    <file name="index.js" path="C:\Users\rober\Desktop\Supra_Coders\SDI_Capstone_Project\frontend\src\index.js">
      <metrics statements="2" coveredstatements="2" conditionals="0" coveredconditionals="0" methods="0" coveredmethods="0"/>
      <line num="7" count="31" type="stmt"/>
      <line num="17" count="5" type="stmt"/>
    </file>
    <file name="reportWebVitals.js" path="C:\Users\rober\Desktop\Supra_Coders\SDI_Capstone_Project\frontend\src\reportWebVitals.js">
      <metrics statements="8" coveredstatements="2" conditionals="4" coveredconditionals="2" methods="2" coveredmethods="1"/>
      <line num="1" count="5" type="stmt"/>
      <line num="2" count="5" type="cond" truecount="2" falsecount="2"/>
      <line num="3" count="0" type="stmt"/>
      <line num="4" count="0" type="stmt"/>
      <line num="5" count="0" type="stmt"/>
      <line num="6" count="0" type="stmt"/>
      <line num="7" count="0" type="stmt"/>
      <line num="8" count="0" type="stmt"/>
    </file>
  </project>
</coverage>
