{"C:\\Users\\rober\\Desktop\\Supra_Coders\\SDI_Capstone_Project\\frontend\\src\\App.js": {"path":"C:\\Users\\rober\\Desktop\\Supra_Coders\\SDI_Capstone_Project\\frontend\\src\\App.js","statementMap":{"0":{"start":{"line":7,"column":31},"end":{"line":7,"column":41}},"1":{"start":{"line":8,"column":41},"end":{"line":8,"column":71}},"2":{"start":{"line":10,"column":24},"end":{"line":13,"column":4}},"3":{"start":{"line":11,"column":5},"end":{"line":11,"column":77}},"4":{"start":{"line":11,"column":24},"end":{"line":11,"column":74}},"5":{"start":{"line":15,"column":24},"end":{"line":31,"column":3}},"6":{"start":{"line":17,"column":19},"end":{"line":28,"column":4}},"7":{"start":{"line":29,"column":2},"end":{"line":30,"column":61}},"8":{"start":{"line":29,"column":55},"end":{"line":29,"column":99}},"9":{"start":{"line":30,"column":7},"end":{"line":30,"column":61}},"10":{"start":{"line":33,"column":23},"end":{"line":38,"column":3}},"11":{"start":{"line":34,"column":19},"end":{"line":34,"column":62}},"12":{"start":{"line":35,"column":15},"end":{"line":35,"column":36}},"13":{"start":{"line":36,"column":4},"end":{"line":36,"column":83}},"14":{"start":{"line":36,"column":37},"end":{"line":36,"column":79}},"15":{"start":{"line":40,"column":20},"end":{"line":47,"column":3}},"16":{"start":{"line":41,"column":19},"end":{"line":41,"column":64}},"17":{"start":{"line":42,"column":15},"end":{"line":42,"column":36}},"18":{"start":{"line":44,"column":4},"end":{"line":46,"column":51}},"19":{"start":{"line":45,"column":6},"end":{"line":45,"column":117}},"20":{"start":{"line":45,"column":63},"end":{"line":45,"column":113}},"21":{"start":{"line":46,"column":9},"end":{"line":46,"column":51}},"22":{"start":{"line":49,"column":2},"end":{"line":66,"column":4}},"23":{"start":{"line":53,"column":88},"end":{"line":53,"column":107}}},"fnMap":{"0":{"name":"App","decl":{"start":{"line":3,"column":24},"end":{"line":3,"column":27}},"loc":{"start":{"line":3,"column":29},"end":{"line":68,"column":1}},"line":3},"1":{"name":"(anonymous_1)","decl":{"start":{"line":10,"column":24},"end":{"line":10,"column":25}},"loc":{"start":{"line":10,"column":35},"end":{"line":13,"column":4}},"line":10},"2":{"name":"(anonymous_2)","decl":{"start":{"line":11,"column":15},"end":{"line":11,"column":16}},"loc":{"start":{"line":11,"column":24},"end":{"line":11,"column":74}},"line":11},"3":{"name":"(anonymous_3)","decl":{"start":{"line":15,"column":24},"end":{"line":15,"column":25}},"loc":{"start":{"line":15,"column":41},"end":{"line":31,"column":3}},"line":15},"4":{"name":"(anonymous_4)","decl":{"start":{"line":33,"column":23},"end":{"line":33,"column":24}},"loc":{"start":{"line":33,"column":39},"end":{"line":38,"column":3}},"line":33},"5":{"name":"(anonymous_5)","decl":{"start":{"line":36,"column":28},"end":{"line":36,"column":29}},"loc":{"start":{"line":36,"column":37},"end":{"line":36,"column":79}},"line":36},"6":{"name":"(anonymous_6)","decl":{"start":{"line":40,"column":20},"end":{"line":40,"column":21}},"loc":{"start":{"line":40,"column":37},"end":{"line":47,"column":3}},"line":40},"7":{"name":"(anonymous_7)","decl":{"start":{"line":45,"column":46},"end":{"line":45,"column":47}},"loc":{"start":{"line":45,"column":63},"end":{"line":45,"column":113}},"line":45},"8":{"name":"(anonymous_8)","decl":{"start":{"line":53,"column":78},"end":{"line":53,"column":79}},"loc":{"start":{"line":53,"column":88},"end":{"line":53,"column":107}},"line":53}},"branchMap":{"0":{"loc":{"start":{"line":29,"column":2},"end":{"line":30,"column":61}},"type":"if","locations":[{"start":{"line":29,"column":2},"end":{"line":30,"column":61}},{"start":{"line":29,"column":2},"end":{"line":30,"column":61}}],"line":29},"1":{"loc":{"start":{"line":29,"column":6},"end":{"line":29,"column":53}},"type":"binary-expr","locations":[{"start":{"line":29,"column":6},"end":{"line":29,"column":27}},{"start":{"line":29,"column":31},"end":{"line":29,"column":53}}],"line":29},"2":{"loc":{"start":{"line":44,"column":4},"end":{"line":46,"column":51}},"type":"if","locations":[{"start":{"line":44,"column":4},"end":{"line":46,"column":51}},{"start":{"line":44,"column":4},"end":{"line":46,"column":51}}],"line":44}},"s":{"0":510,"1":510,"2":510,"3":198,"4":378,"5":510,"6":15,"7":14,"8":0,"9":14,"10":510,"11":9,"12":9,"13":9,"14":162,"15":510,"16":3,"17":3,"18":3,"19":0,"20":0,"21":3,"22":510,"23":198},"f":{"0":510,"1":198,"2":378,"3":15,"4":9,"5":162,"6":3,"7":0,"8":198},"b":{"0":[0,14],"1":[14,0],"2":[0,3]},"_coverageSchema":"1a1c01bbd47fc00a2c39e90264f33305004495a9","hash":"2c321c3e7894b3d9a4325da7804ed858b143e000"}
,"C:\\Users\\rober\\Desktop\\Supra_Coders\\SDI_Capstone_Project\\frontend\\src\\index.js": {"path":"C:\\Users\\rober\\Desktop\\Supra_Coders\\SDI_Capstone_Project\\frontend\\src\\index.js","statementMap":{"0":{"start":{"line":7,"column":0},"end":{"line":12,"column":2}},"1":{"start":{"line":17,"column":0},"end":{"line":17,"column":18}}},"fnMap":{},"branchMap":{},"s":{"0":31,"1":5},"f":{},"b":{},"_coverageSchema":"1a1c01bbd47fc00a2c39e90264f33305004495a9","hash":"d1210b410fe6f7fb663862e683e3c806590bb995"}
,"C:\\Users\\rober\\Desktop\\Supra_Coders\\SDI_Capstone_Project\\frontend\\src\\reportWebVitals.js": {"path":"C:\\Users\\rober\\Desktop\\Supra_Coders\\SDI_Capstone_Project\\frontend\\src\\reportWebVitals.js","statementMap":{"0":{"start":{"line":1,"column":24},"end":{"line":11,"column":1}},"1":{"start":{"line":2,"column":2},"end":{"line":10,"column":3}},"2":{"start":{"line":3,"column":4},"end":{"line":9,"column":7}},"3":{"start":{"line":4,"column":6},"end":{"line":4,"column":26}},"4":{"start":{"line":5,"column":6},"end":{"line":5,"column":26}},"5":{"start":{"line":6,"column":6},"end":{"line":6,"column":26}},"6":{"start":{"line":7,"column":6},"end":{"line":7,"column":26}},"7":{"start":{"line":8,"column":6},"end":{"line":8,"column":27}}},"fnMap":{"0":{"name":"(anonymous_0)","decl":{"start":{"line":1,"column":24},"end":{"line":1,"column":25}},"loc":{"start":{"line":1,"column":39},"end":{"line":11,"column":1}},"line":1},"1":{"name":"(anonymous_1)","decl":{"start":{"line":3,"column":30},"end":{"line":3,"column":31}},"loc":{"start":{"line":3,"column":79},"end":{"line":9,"column":5}},"line":3}},"branchMap":{"0":{"loc":{"start":{"line":2,"column":2},"end":{"line":10,"column":3}},"type":"if","locations":[{"start":{"line":2,"column":2},"end":{"line":10,"column":3}},{"start":{"line":2,"column":2},"end":{"line":10,"column":3}}],"line":2},"1":{"loc":{"start":{"line":2,"column":6},"end":{"line":2,"column":52}},"type":"binary-expr","locations":[{"start":{"line":2,"column":6},"end":{"line":2,"column":17}},{"start":{"line":2,"column":21},"end":{"line":2,"column":52}}],"line":2}},"s":{"0":5,"1":5,"2":0,"3":0,"4":0,"5":0,"6":0,"7":0},"f":{"0":5,"1":0},"b":{"0":[0,5],"1":[5,0]},"_coverageSchema":"1a1c01bbd47fc00a2c39e90264f33305004495a9","hash":"3d4f8ad63d912ea1a42d4360d5333624fd6b7d6b"}
}
