{"total": {"lines":{"total":30,"covered":23,"skipped":0,"pct":76.67},"statements":{"total":34,"covered":25,"skipped":0,"pct":73.53},"functions":{"total":11,"covered":9,"skipped":0,"pct":81.82},"branches":{"total":10,"covered":5,"skipped":0,"pct":50}}
,"C:\\Users\\rober\\Desktop\\Supra_Coders\\SDI_Capstone_Project\\frontend\\src\\App.js": {"lines":{"total":20,"covered":19,"skipped":0,"pct":95},"functions":{"total":9,"covered":8,"skipped":0,"pct":88.89},"statements":{"total":24,"covered":21,"skipped":0,"pct":87.5},"branches":{"total":6,"covered":3,"skipped":0,"pct":50}}
,"C:\\Users\\rober\\Desktop\\Supra_Coders\\SDI_Capstone_Project\\frontend\\src\\index.js": {"lines":{"total":2,"covered":2,"skipped":0,"pct":100},"functions":{"total":0,"covered":0,"skipped":0,"pct":100},"statements":{"total":2,"covered":2,"skipped":0,"pct":100},"branches":{"total":0,"covered":0,"skipped":0,"pct":100}}
,"C:\\Users\\rober\\Desktop\\Supra_Coders\\SDI_Capstone_Project\\frontend\\src\\reportWebVitals.js": {"lines":{"total":8,"covered":2,"skipped":0,"pct":25},"functions":{"total":2,"covered":1,"skipped":0,"pct":50},"statements":{"total":8,"covered":2,"skipped":0,"pct":25},"branches":{"total":4,"covered":2,"skipped":0,"pct":50}}
}
