TN:
SF:src\App.js
FN:3,App
FN:10,(anonymous_1)
FN:11,(anonymous_2)
FN:15,(anonymous_3)
FN:33,(anonymous_4)
FN:36,(anonymous_5)
FN:40,(anonymous_6)
FN:45,(anonymous_7)
FN:53,(anonymous_8)
FNF:9
FNH:8
FNDA:510,App
FNDA:198,(anonymous_1)
FNDA:378,(anonymous_2)
FNDA:15,(anonymous_3)
FNDA:9,(anonymous_4)
FNDA:162,(anonymous_5)
FNDA:3,(anonymous_6)
FNDA:0,(anonymous_7)
FNDA:198,(anonymous_8)
DA:7,510
DA:8,510
DA:10,510
DA:11,378
DA:15,510
DA:17,15
DA:29,14
DA:30,14
DA:33,510
DA:34,9
DA:35,9
DA:36,162
DA:40,510
DA:41,3
DA:42,3
DA:44,3
DA:45,0
DA:46,3
DA:49,510
DA:53,198
LF:20
LH:19
BRDA:29,0,0,0
BRDA:29,0,1,14
BRDA:29,1,0,14
BRDA:29,1,1,0
BRDA:44,2,0,0
BRDA:44,2,1,3
BRF:6
BRH:3
end_of_record
TN:
SF:src\index.js
FNF:0
FNH:0
DA:7,31
DA:17,5
LF:2
LH:2
BRF:0
BRH:0
end_of_record
TN:
SF:src\reportWebVitals.js
FN:1,(anonymous_0)
FN:3,(anonymous_1)
FNF:2
FNH:1
FNDA:5,(anonymous_0)
FNDA:0,(anonymous_1)
DA:1,5
DA:2,5
DA:3,0
DA:4,0
DA:5,0
DA:6,0
DA:7,0
DA:8,0
LF:8
LH:2
BRDA:2,0,0,0
BRDA:2,0,1,5
BRDA:2,1,0,5
BRDA:2,1,1,0
BRF:4
BRH:2
end_of_record
